<?xml version="1.0" encoding="UTF-8"?>
<testsuite xmlns:xsi="http://www.w3.org/2001/XMLSchema-instance" xsi:noNamespaceSchemaLocation="https://maven.apache.org/surefire/maven-surefire-plugin/xsd/surefire-test-report-3.0.xsd" version="3.0" name="com.exchangerate.CurrencyExchangeAndDiscountCalculationApplicationTests" time="2.358" tests="6" errors="0" skipped="0" failures="0">
  <properties>
[...]
</properties>
  <testcase name="testAffiliateUserDiscount" classname="com.exchangerate.CurrencyExchangeAndDiscountCalculationApplicationTests" time="1.016">
    <system-out><![CDATA[08:51:26.828 [main] INFO com.exchangerate.CurrencyExchangeAndDiscountCalculationApplicationTests -- ---------- UserType Affiliate whose total payable amount is 142.5: ----------
]]></system-out>
    <system-err><![CDATA[WARNING: A Java agent has been loaded dynamically (C:\Users\shire\.m2\repository\net\bytebuddy\byte-buddy-agent\1.14.18\byte-buddy-agent-1.14.18.jar)
WARNING: If a serviceability tool is in use, please run with -XX:+EnableDynamicAgentLoading to hide this warning
WARNING: If a serviceability tool is not in use, please run with -Djdk.instrument.traceUsage for more information
WARNING: Dynamic loading of agents will be disallowed by default in a future release
]]></system-err>
  </testcase>
  <testcase name="testOldCustomerSegmentDicount" classname="com.exchangerate.CurrencyExchangeAndDiscountCalculationApplicationTests" time="0.0">
    <system-out><![CDATA[08:51:26.859 [main] INFO com.exchangerate.CurrencyExchangeAndDiscountCalculationApplicationTests -- ---------- UserType Old Customer whose total payable amount is 190.0: ----------
]]></system-out>
  </testcase>
  <testcase name="testEmployeeUserDiscount" classname="com.exchangerate.CurrencyExchangeAndDiscountCalculationApplicationTests" time="0.0">
    <system-out><![CDATA[08:51:26.875 [main] INFO com.exchangerate.CurrencyExchangeAndDiscountCalculationApplicationTests -- ---------- UserType Employee whose total payable amount is 138.7: ----------
]]></system-out>
  </testcase>
  <testcase name="contextLoads" classname="com.exchangerate.CurrencyExchangeAndDiscountCalculationApplicationTests" time="0.008">
    <system-out><![CDATA[08:51:26.883 [main] INFO com.exchangerate.CurrencyExchangeAndDiscountCalculationApplicationTests -- ---------- Context Loaded ----------
]]></system-out>
  </testcase>
  <testcase name="finalPayableAmountAfterApplyingDiscounts" classname="com.exchangerate.CurrencyExchangeAndDiscountCalculationApplicationTests" time="1.136">
    <system-out><![CDATA[08:51:28.003 [main] INFO com.exchangerate.CurrencyExchangeAndDiscountCalculationApplicationTests -- ---------- Calculate the final payable amount in the target currency after applying the applicable discounts. 68.990444: ----------
]]></system-out>
  </testcase>
  <testcase name="totalBillFromOriginalCurrencyToTargetCurrentUsingExchangeRates" classname="com.exchangerate.CurrencyExchangeAndDiscountCalculationApplicationTests" time="0.103">
    <system-out><![CDATA[08:51:28.122 [main] INFO com.exchangerate.CurrencyExchangeAndDiscountCalculationApplicationTests -- ---------- Convert the bill total from the original currency to the target currency using the retrieved exchange rates. 1.0: ----------
]]></system-out>
  </testcase>
</testsuite>